Zeta/app/build/intermediates/manifest_merge_blame_file/debug/manifest-merger-blame-debug-report.txt
1<?xml version="1.0" encoding="utf-8"?>
2<manifest xmlns:android="http://schemas.android.com/apk/res/android"
3    package="com.example.zeta"
4    android:versionCode="1"
5    android:versionName="1.0" >
6
7    <uses-sdk
8        android:minSdkVersion="16"
8-->src/main/AndroidManifest.xml
9        android:targetSdkVersion="30" />
9-->src/main/AndroidManifest.xml
10
11    <uses-permission android:name="android.permission.INTERNETTE" />
11-->src/main/AndroidManifest.xml:5:5-68
11-->src/main/AndroidManifest.xml:5:22-66
12    <uses-permission android:name="android.permission.INTERNET" />
12-->[com.google.firebase:firebase-auth:21.0.1] AndroidManifest.xml:23:5-67
12-->[com.google.firebase:firebase-auth:21.0.1] AndroidManifest.xml:23:22-64
13    <uses-permission android:name="android.permission.ACCESS_NETWORK_STATE" />
13-->[com.google.firebase:firebase-auth:21.0.1] AndroidManifest.xml:24:5-79
13-->[com.google.firebase:firebase-auth:21.0.1] AndroidManifest.xml:24:22-76
14
15    <application
15-->src/main/AndroidManifest.xml:7:5-33:19
16        android:allowBackup="true"
16-->src/main/AndroidManifest.xml:8:9-35
17        android:appComponentFactory="androidx.core.app.CoreComponentFactory"
17-->[androidx.core:core:1.5.0] AndroidManifest.xml:24:18-86
18        android:debuggable="true"
19        android:icon="@mipmap/ic_launcher"
19-->src/main/AndroidManifest.xml:9:9-43
20        android:label="@string/app_name"
20-->src/main/AndroidManifest.xml:10:9-41
21        android:roundIcon="@mipmap/ic_launcher_round"
21-->src/main/AndroidManifest.xml:11:9-54
22        android:supportsRtl="true"
22-->src/main/AndroidManifest.xml:12:9-35
23        android:testOnly="true"
24        android:theme="@style/Theme.Zeta" >
24-->src/main/AndroidManifest.xml:13:9-42
25        <activity android:name="com.example.zeta.Services" />
25-->src/main/AndroidManifest.xml:14:9-45
25-->src/main/AndroidManifest.xml:14:19-43
26        <activity android:name="com.example.zeta.Location" />
26-->src/main/AndroidManifest.xml:15:9-46
26-->src/main/AndroidManifest.xml:15:19-43
27        <activity android:name="com.example.zeta.Login" />
27-->src/main/AndroidManifest.xml:16:9-43
27-->src/main/AndroidManifest.xml:16:19-40
28        <activity android:name="com.example.zeta.Signup" />
28-->src/main/AndroidManifest.xml:17:9-44
28-->src/main/AndroidManifest.xml:17:19-41
29        <activity android:name="com.example.zeta.Bedvaccancy" />
29-->src/main/AndroidManifest.xml:18:9-48
29-->src/main/AndroidManifest.xml:18:19-46
30        <activity android:name="com.example.zeta.Childcare" />
30-->src/main/AndroidManifest.xml:19:9-46
30-->src/main/AndroidManifest.xml:19:19-44
31        <activity android:name="com.example.zeta.OxygenCylinders" />
31-->src/main/AndroidManifest.xml:20:9-52
31-->src/main/AndroidManifest.xml:20:19-50
32        <activity android:name="com.example.zeta.MentalHealth" />
32-->src/main/AndroidManifest.xml:21:9-49
32-->src/main/AndroidManifest.xml:21:19-47
33        <activity android:name="com.example.zeta.MainActivity" >
33-->src/main/AndroidManifest.xml:22:9-28:20
33-->src/main/AndroidManifest.xml:22:19-47
34            <intent-filter>
34-->src/main/AndroidManifest.xml:23:13-27:29
35                <action android:name="android.intent.action.MAIN" />
35-->src/main/AndroidManifest.xml:24:17-69
35-->src/main/AndroidManifest.xml:24:25-66
36
37                <category android:name="android.intent.category.LAUNCHER" />
37-->src/main/AndroidManifest.xml:26:17-77
37-->src/main/AndroidManifest.xml:26:27-74
38            </intent-filter>
39        </activity>
40
41        <meta-data
41-->src/main/AndroidManifest.xml:30:9-32:57
42            android:name="preloaded_fonts"
42-->src/main/AndroidManifest.xml:31:13-43
43            android:resource="@array/preloaded_fonts" />
43-->src/main/AndroidManifest.xml:32:13-54
44
45        <activity
45-->[com.google.firebase:firebase-auth:21.0.1] AndroidManifest.xml:27:9-44:20
46            android:name="com.google.firebase.auth.internal.GenericIdpActivity"
46-->[com.google.firebase:firebase-auth:21.0.1] AndroidManifest.xml:28:13-80
47            android:excludeFromRecents="true"
47-->[com.google.firebase:firebase-auth:21.0.1] AndroidManifest.xml:29:13-46
48            android:exported="true"
48-->[com.google.firebase:firebase-auth:21.0.1] AndroidManifest.xml:30:13-36
49            android:launchMode="singleTask"
49-->[com.google.firebase:firebase-auth:21.0.1] AndroidManifest.xml:31:13-44
50            android:theme="@android:style/Theme.Translucent.NoTitleBar" >
50-->[com.google.firebase:firebase-auth:21.0.1] AndroidManifest.xml:32:13-72
51            <intent-filter>
51-->[com.google.firebase:firebase-auth:21.0.1] AndroidManifest.xml:33:13-43:29
52                <action android:name="android.intent.action.VIEW" />
52-->[com.google.firebase:firebase-auth:21.0.1] AndroidManifest.xml:34:17-69
52-->[com.google.firebase:firebase-auth:21.0.1] AndroidManifest.xml:34:25-66
53
54                <category android:name="android.intent.category.DEFAULT" />
54-->[com.google.firebase:firebase-auth:21.0.1] AndroidManifest.xml:36:17-76
54-->[com.google.firebase:firebase-auth:21.0.1] AndroidManifest.xml:36:27-73
55                <category android:name="android.intent.category.BROWSABLE" />
55-->[com.google.firebase:firebase-auth:21.0.1] AndroidManifest.xml:37:17-78
55-->[com.google.firebase:firebase-auth:21.0.1] AndroidManifest.xml:37:27-75
56
57                <data
57-->[com.google.firebase:firebase-auth:21.0.1] AndroidManifest.xml:39:17-42:51
58                    android:host="firebase.auth"
58-->[com.google.firebase:firebase-auth:21.0.1] AndroidManifest.xml:40:21-49
59                    android:path="/"
59-->[com.google.firebase:firebase-auth:21.0.1] AndroidManifest.xml:41:21-37
60                    android:scheme="genericidp" />
60-->[com.google.firebase:firebase-auth:21.0.1] AndroidManifest.xml:42:21-48
61            </intent-filter>
62        </activity>
63        <activity
63-->[com.google.firebase:firebase-auth:21.0.1] AndroidManifest.xml:45:9-62:20
64            android:name="com.google.firebase.auth.internal.RecaptchaActivity"
64-->[com.google.firebase:firebase-auth:21.0.1] AndroidManifest.xml:46:13-79
65            android:excludeFromRecents="true"
65-->[com.google.firebase:firebase-auth:21.0.1] AndroidManifest.xml:47:13-46
66            android:exported="true"
66-->[com.google.firebase:firebase-auth:21.0.1] AndroidManifest.xml:48:13-36
67            android:launchMode="singleTask"
67-->[com.google.firebase:firebase-auth:21.0.1] AndroidManifest.xml:49:13-44
68            android:theme="@android:style/Theme.Translucent.NoTitleBar" >
68-->[com.google.firebase:firebase-auth:21.0.1] AndroidManifest.xml:50:13-72
69            <intent-filter>
69-->[com.google.firebase:firebase-auth:21.0.1] AndroidManifest.xml:51:13-61:29
70                <action android:name="android.intent.action.VIEW" />
70-->[com.google.firebase:firebase-auth:21.0.1] AndroidManifest.xml:34:17-69
70-->[com.google.firebase:firebase-auth:21.0.1] AndroidManifest.xml:34:25-66
71
72                <category android:name="android.intent.category.DEFAULT" />
72-->[com.google.firebase:firebase-auth:21.0.1] AndroidManifest.xml:36:17-76
72-->[com.google.firebase:firebase-auth:21.0.1] AndroidManifest.xml:36:27-73
73                <category android:name="android.intent.category.BROWSABLE" />
73-->[com.google.firebase:firebase-auth:21.0.1] AndroidManifest.xml:37:17-78
73-->[com.google.firebase:firebase-auth:21.0.1] AndroidManifest.xml:37:27-75
74
75                <data
75-->[com.google.firebase:firebase-auth:21.0.1] AndroidManifest.xml:39:17-42:51
76                    android:host="firebase.auth"
76-->[com.google.firebase:firebase-auth:21.0.1] AndroidManifest.xml:40:21-49
77                    android:path="/"
77-->[com.google.firebase:firebase-auth:21.0.1] AndroidManifest.xml:41:21-37
78                    android:scheme="recaptcha" />
78-->[com.google.firebase:firebase-auth:21.0.1] AndroidManifest.xml:42:21-48
79            </intent-filter>
80        </activity>
81
82        <service
82-->[com.google.firebase:firebase-auth:21.0.1] AndroidManifest.xml:64:9-73:19
83            android:name="com.google.firebase.auth.api.fallback.service.FirebaseAuthFallbackService"
83-->[com.google.firebase:firebase-auth:21.0.1] AndroidManifest.xml:65:13-101
84            android:enabled="true"
84-->[com.google.firebase:firebase-auth:21.0.1] AndroidManifest.xml:66:13-35
85            android:exported="false" >
85-->[com.google.firebase:firebase-auth:21.0.1] AndroidManifest.xml:67:13-37
86            <intent-filter>
86-->[com.google.firebase:firebase-auth:21.0.1] AndroidManifest.xml:68:13-72:29
87                <action android:name="com.google.firebase.auth.api.gms.service.START" />
87-->[com.google.firebase:firebase-auth:21.0.1] AndroidManifest.xml:69:17-89
87-->[com.google.firebase:firebase-auth:21.0.1] AndroidManifest.xml:69:25-86
88
89                <category android:name="android.intent.category.DEFAULT" />
89-->[com.google.firebase:firebase-auth:21.0.1] AndroidManifest.xml:36:17-76
89-->[com.google.firebase:firebase-auth:21.0.1] AndroidManifest.xml:36:27-73
90            </intent-filter>
91        </service>
92        <service
92-->[com.google.firebase:firebase-auth:21.0.1] AndroidManifest.xml:74:9-80:19
93            android:name="com.google.firebase.components.ComponentDiscoveryService"
93-->[com.google.firebase:firebase-auth:21.0.1] AndroidManifest.xml:75:13-84
94            android:directBootAware="true"
94-->[com.google.firebase:firebase-common:20.0.0] AndroidManifest.xml:35:13-43
95            android:exported="false" >
95-->[com.google.firebase:firebase-auth:21.0.1] AndroidManifest.xml:76:13-37
96            <meta-data
96-->[com.google.firebase:firebase-auth:21.0.1] AndroidManifest.xml:77:13-79:85
97                android:name="com.google.firebase.components:com.google.firebase.auth.FirebaseAuthRegistrar"
97-->[com.google.firebase:firebase-auth:21.0.1] AndroidManifest.xml:78:17-109
98                android:value="com.google.firebase.components.ComponentRegistrar" />
98-->[com.google.firebase:firebase-auth:21.0.1] AndroidManifest.xml:79:17-82
99            <meta-data
99-->[com.google.firebase:firebase-database:20.0.0] AndroidManifest.xml:32:13-34:85
100                android:name="com.google.firebase.components:com.google.firebase.database.DatabaseRegistrar"
100-->[com.google.firebase:firebase-database:20.0.0] AndroidManifest.xml:33:17-109
101                android:value="com.google.firebase.components.ComponentRegistrar" />
101-->[com.google.firebase:firebase-database:20.0.0] AndroidManifest.xml:34:17-82
102        </service>
103
104        <activity
104-->[com.google.android.gms:play-services-base:17.1.0] AndroidManifest.xml:23:9-26:75
105            android:name="com.google.android.gms.common.api.GoogleApiActivity"
105-->[com.google.android.gms:play-services-base:17.1.0] AndroidManifest.xml:24:13-79
106            android:exported="false"
106-->[com.google.android.gms:play-services-base:17.1.0] AndroidManifest.xml:25:13-37
107            android:theme="@android:style/Theme.Translucent.NoTitleBar" />
107-->[com.google.android.gms:play-services-base:17.1.0] AndroidManifest.xml:26:13-72
108
109        <provider
109-->[com.google.firebase:firebase-common:20.0.0] AndroidManifest.xml:26:9-31:39
110            android:name="com.google.firebase.provider.FirebaseInitProvider"
110-->[com.google.firebase:firebase-common:20.0.0] AndroidManifest.xml:27:13-77
111            android:authorities="com.example.zeta.firebaseinitprovider"
111-->[com.google.firebase:firebase-common:20.0.0] AndroidManifest.xml:28:13-72
112            android:directBootAware="true"
112-->[com.google.firebase:firebase-common:20.0.0] AndroidManifest.xml:29:13-43
113            android:exported="false"
113-->[com.google.firebase:firebase-common:20.0.0] AndroidManifest.xml:30:13-37
114            android:initOrder="100" />
114-->[com.google.firebase:firebase-common:20.0.0] AndroidManifest.xml:31:13-36
115
116        <meta-data
116-->[com.google.android.gms:play-services-basement:17.1.0] AndroidManifest.xml:23:9-25:69
117            android:name="com.google.android.gms.version"
117-->[com.google.android.gms:play-services-basement:17.1.0] AndroidManifest.xml:24:13-58
118            android:value="@integer/google_play_services_version" />
118-->[com.google.android.gms:play-services-basement:17.1.0] AndroidManifest.xml:25:13-66
119    </application>
120
121</manifest>